# JRE version: 7.0_25-b15
# Java VM: Java HotSpot(TM) 64-Bit Server VM (23.25-b01 mixed mode bsd-amd64 compressed oops)
Heap
 PSYoungGen      total 384512K, used 107747K [0x00000001463c0000, 0x000000015e9a0000, 0x000000015e9c0000)
  eden space 382336K, 27% used [0x00000001463c0000,0x000000014cad8f98,0x000000015d920000)
  from space 2176K, 100% used [0x000000015d920000,0x000000015db40000,0x000000015db40000)
  to   space 8448K, 0% used [0x000000015e160000,0x000000015e160000,0x000000015e9a0000)
 ParOldGen       total 80832K, used 48475K [0x00000001157c0000, 0x000000011a6b0000, 0x00000001463c0000)
  object space 80832K, 59% used [0x00000001157c0000,0x0000000118716ca0,0x000000011a6b0000)
 PSPermGen       total 51584K, used 51476K [0x00000001105c0000, 0x0000000113820000, 0x00000001157c0000)
  object space 51584K, 99% used [0x00000001105c0000,0x00000001138050e8,0x0000000113820000)
GC Heap History (10 events):
Event: 26.541 GC heap before
{Heap before GC invocations=22 (full 1):
 PSYoungGen      total 391552K, used 388600K [0x00000001463c0000, 0x000000015e9c0000, 0x000000015e9c0000)
  eden space 383936K, 100% used [0x00000001463c0000,0x000000015dab0000,0x000000015dab0000)
  from space 7616K, 61% used [0x000000015e1f0000,0x000000015e67e308,0x000000015e960000)
  to   space 7424K, 0% used [0x000000015dab0000,0x000000015dab0000,0x000000015e1f0000)
 ParOldGen       total 80832K, used 43147K [0x00000001157c0000, 0x000000011a6b0000, 0x00000001463c0000)
  object space 80832K, 53% used [0x00000001157c0000,0x00000001181e2ca8,0x000000011a6b0000)
 PSPermGen       total 48704K, used 48624K [0x00000001105c0000, 0x0000000113550000, 0x00000001157c0000)
  object space 48704K, 99% used [0x00000001105c0000,0x000000011353c018,0x0000000113550000)
Event: 26.553 GC heap after
Heap after GC invocations=22 (full 1):
 PSYoungGen      total 391360K, used 5472K [0x00000001463c0000, 0x000000015e9c0000, 0x000000015e9c0000)
  eden space 383936K, 0% used [0x00000001463c0000,0x00000001463c0000,0x000000015dab0000)
  from space 7424K, 73% used [0x000000015dab0000,0x000000015e008020,0x000000015e1f0000)
  to   space 7552K, 0% used [0x000000015e260000,0x000000015e260000,0x000000015e9c0000)
 ParOldGen       total 80832K, used 43147K [0x00000001157c0000, 0x000000011a6b0000, 0x00000001463c0000)
  object space 80832K, 53% used [0x00000001157c0000,0x00000001181e2ca8,0x000000011a6b0000)
 PSPermGen       total 48704K, used 48624K [0x00000001105c0000, 0x0000000113550000, 0x00000001157c0000)
  object space 48704K, 99% used [0x00000001105c0000,0x000000011353c018,0x0000000113550000)
}
Event: 99.497 GC heap before
{Heap before GC invocations=23 (full 1):
 PSYoungGen      total 391360K, used 389408K [0x00000001463c0000, 0x000000015e9c0000, 0x000000015e9c0000)
  eden space 383936K, 100% used [0x00000001463c0000,0x000000015dab0000,0x000000015dab0000)
  from space 7424K, 73% used [0x000000015dab0000,0x000000015e008020,0x000000015e1f0000)
  to   space 7552K, 0% used [0x000000015e260000,0x000000015e260000,0x000000015e9c0000)
 ParOldGen       total 80832K, used 43147K [0x00000001157c0000, 0x000000011a6b0000, 0x00000001463c0000)
  object space 80832K, 53% used [0x00000001157c0000,0x00000001181e2ca8,0x000000011a6b0000)
 PSPermGen       total 51200K, used 51181K [0x00000001105c0000, 0x00000001137c0000, 0x00000001157c0000)
  object space 51200K, 99% used [0x00000001105c0000,0x00000001137bb5b8,0x00000001137c0000)
Event: 99.512 GC heap after
Heap after GC invocations=23 (full 1):
 PSYoungGen      total 390144K, used 7525K [0x00000001463c0000, 0x000000015e9c0000, 0x000000015e9c0000)
  eden space 382592K, 0% used [0x00000001463c0000,0x00000001463c0000,0x000000015d960000)
  from space 7552K, 99% used [0x000000015e260000,0x000000015e9b9570,0x000000015e9c0000)
  to   space 8384K, 0% used [0x000000015d960000,0x000000015d960000,0x000000015e190000)
 ParOldGen       total 80832K, used 43202K [0x00000001157c0000, 0x000000011a6b0000, 0x00000001463c0000)
  object space 80832K, 53% used [0x00000001157c0000,0x00000001181f0820,0x000000011a6b0000)
 PSPermGen       total 51200K, used 51181K [0x00000001105c0000, 0x00000001137c0000, 0x00000001157c0000)
  object space 51200K, 99% used [0x00000001105c0000,0x00000001137bb5b8,0x00000001137c0000)
}
Event: 142.465 GC heap before
{Heap before GC invocations=24 (full 1):
 PSYoungGen      total 390144K, used 390117K [0x00000001463c0000, 0x000000015e9c0000, 0x000000015e9c0000)
  eden space 382592K, 100% used [0x00000001463c0000,0x000000015d960000,0x000000015d960000)
  from space 7552K, 99% used [0x000000015e260000,0x000000015e9b9570,0x000000015e9c0000)
  to   space 8384K, 0% used [0x000000015d960000,0x000000015d960000,0x000000015e190000)
 ParOldGen       total 80832K, used 43202K [0x00000001157c0000, 0x000000011a6b0000, 0x00000001463c0000)
  object space 80832K, 53% used [0x00000001157c0000,0x00000001181f0820,0x000000011a6b0000)
 PSPermGen       total 51392K, used 51329K [0x00000001105c0000, 0x00000001137f0000, 0x00000001157c0000)
  object space 51392K, 99% used [0x00000001105c0000,0x00000001137e07d8,0x00000001137f0000)
Event: 142.486 GC heap after
Heap after GC invocations=24 (full 1):
 PSYoungGen      total 384768K, used 2176K [0x00000001463c0000, 0x000000015e9c0000, 0x000000015e9c0000)
  eden space 382592K, 0% used [0x00000001463c0000,0x00000001463c0000,0x000000015d960000)
  from space 2176K, 100% used [0x000000015d960000,0x000000015db80000,0x000000015db80000)
  to   space 8512K, 0% used [0x000000015e170000,0x000000015e170000,0x000000015e9c0000)
 ParOldGen       total 80832K, used 48475K [0x00000001157c0000, 0x000000011a6b0000, 0x00000001463c0000)
  object space 80832K, 59% used [0x00000001157c0000,0x0000000118716ca0,0x000000011a6b0000)
 PSPermGen       total 51392K, used 51329K [0x00000001105c0000, 0x00000001137f0000, 0x00000001157c0000)
  object space 51392K, 99% used [0x00000001105c0000,0x00000001137e07d8,0x00000001137f0000)
}
Event: 148.003 GC heap before
{Heap before GC invocations=25 (full 1):
 PSYoungGen      total 384768K, used 384768K [0x00000001463c0000, 0x000000015e9c0000, 0x000000015e9c0000)
  eden space 382592K, 100% used [0x00000001463c0000,0x000000015d960000,0x000000015d960000)
  from space 2176K, 100% used [0x000000015d960000,0x000000015db80000,0x000000015db80000)
  to   space 8512K, 0% used [0x000000015e170000,0x000000015e170000,0x000000015e9c0000)
 ParOldGen       total 80832K, used 48475K [0x00000001157c0000, 0x000000011a6b0000, 0x00000001463c0000)
  object space 80832K, 59% used [0x00000001157c0000,0x0000000118716ca0,0x000000011a6b0000)
 PSPermGen       total 51392K, used 51370K [0x00000001105c0000, 0x00000001137f0000, 0x00000001157c0000)
  object space 51392K, 99% used [0x00000001105c0000,0x00000001137eaab0,0x00000001137f0000)
Event: 148.012 GC heap after
Heap after GC invocations=25 (full 1):
 PSYoungGen      total 390848K, used 2144K [0x00000001463c0000, 0x000000015e9c0000, 0x000000015e9c0000)
  eden space 382336K, 0% used [0x00000001463c0000,0x00000001463c0000,0x000000015d920000)
  from space 8512K, 25% used [0x000000015e170000,0x000000015e388000,0x000000015e9c0000)
  to   space 8512K, 0% used [0x000000015d920000,0x000000015d920000,0x000000015e170000)
 ParOldGen       total 80832K, used 48475K [0x00000001157c0000, 0x000000011a6b0000, 0x00000001463c0000)
  object space 80832K, 59% used [0x00000001157c0000,0x0000000118716ca0,0x000000011a6b0000)
 PSPermGen       total 51392K, used 51370K [0x00000001105c0000, 0x00000001137f0000, 0x00000001157c0000)
  object space 51392K, 99% used [0x00000001105c0000,0x00000001137eaab0,0x00000001137f0000)
}
Event: 154.631 GC heap before
{Heap before GC invocations=26 (full 1):
 PSYoungGen      total 390848K, used 384480K [0x00000001463c0000, 0x000000015e9c0000, 0x000000015e9c0000)
  eden space 382336K, 100% used [0x00000001463c0000,0x000000015d920000,0x000000015d920000)
  from space 8512K, 25% used [0x000000015e170000,0x000000015e388000,0x000000015e9c0000)
  to   space 8512K, 0% used [0x000000015d920000,0x000000015d920000,0x000000015e170000)
 ParOldGen       total 80832K, used 48475K [0x00000001157c0000, 0x000000011a6b0000, 0x00000001463c0000)
  object space 80832K, 59% used [0x00000001157c0000,0x0000000118716ca0,0x000000011a6b0000)
 PSPermGen       total 51392K, used 51380K [0x00000001105c0000, 0x00000001137f0000, 0x00000001157c0000)
  object space 51392K, 99% used [0x00000001105c0000,0x00000001137ed128,0x00000001137f0000)
Event: 154.639 GC heap after
Heap after GC invocations=26 (full 1):
 PSYoungGen      total 384512K, used 2176K [0x00000001463c0000, 0x000000015e9a0000, 0x000000015e9c0000)
  eden space 382336K, 0% used [0x00000001463c0000,0x00000001463c0000,0x000000015d920000)
  from space 2176K, 100% used [0x000000015d920000,0x000000015db40000,0x000000015db40000)
  to   space 8448K, 0% used [0x000000015e160000,0x000000015e160000,0x000000015e9a0000)
 ParOldGen       total 80832K, used 48475K [0x00000001157c0000, 0x000000011a6b0000, 0x00000001463c0000)
  object space 80832K, 59% used [0x00000001157c0000,0x0000000118716ca0,0x000000011a6b0000)
 PSPermGen       total 51392K, used 51380K [0x00000001105c0000, 0x00000001137f0000, 0x00000001157c0000)
  object space 51392K, 99% used [0x00000001105c0000,0x00000001137ed128,0x00000001137f0000)
}

